  main.cpp
C:\Users\Racer\source\repos\Indiv3\Indiv3\loader.cpp(55,23): warning C4838: Преобразование из "int" в "GLushort" требует сужающего преобразования.
C:\Users\Racer\source\repos\Indiv3\Indiv3\loader.cpp(55,44): warning C4838: Преобразование из "int" в "GLushort" требует сужающего преобразования.
C:\Users\Racer\source\repos\Indiv3\Indiv3\loader.cpp(55,65): warning C4838: Преобразование из "int" в "GLushort" требует сужающего преобразования.
C:\Users\Racer\source\repos\Indiv3\Indiv3\loader.cpp(150,22): warning C4267: =: преобразование из "size_t" в "int"; возможна потеря данных
C:\Users\Racer\source\repos\Indiv3\Indiv3\main.cpp(59,20): warning C4305: -=: усечение из "double" в "float"
C:\Users\Racer\source\repos\Indiv3\Indiv3\main.cpp(60,20): warning C4305: -=: усечение из "double" в "float"
C:\Users\Racer\source\repos\Indiv3\Indiv3\main.cpp(61,20): warning C4305: -=: усечение из "double" в "float"
C:\Users\Racer\source\repos\Indiv3\Indiv3\main.cpp(64,18): warning C4305: -=: усечение из "double" в "float"
C:\Users\Racer\source\repos\Indiv3\Indiv3\main.cpp(65,19): warning C4305: -=: усечение из "double" в "float"
C:\Users\Racer\source\repos\Indiv3\Indiv3\main.cpp(66,20): warning C4305: -=: усечение из "double" в "float"
C:\Users\Racer\source\repos\Indiv3\Indiv3\main.cpp(140,22): warning C4305: -=: усечение из "double" в "float"
C:\Users\Racer\source\repos\Indiv3\Indiv3\main.cpp(141,22): warning C4305: -=: усечение из "double" в "float"
C:\Users\Racer\source\repos\Indiv3\Indiv3\main.cpp(142,22): warning C4305: -=: усечение из "double" в "float"
C:\Users\Racer\source\repos\Indiv3\Indiv3\main.cpp(143,22): warning C4305: -=: усечение из "double" в "float"
C:\Users\Racer\source\repos\Indiv3\Indiv3\main.cpp(144,22): warning C4305: -=: усечение из "double" в "float"
C:\Users\Racer\source\repos\Indiv3\Indiv3\main.cpp(145,22): warning C4305: -=: усечение из "double" в "float"
C:\Users\Racer\source\repos\Indiv3\Indiv3\main.cpp(301,21): warning C4305: -=: усечение из "double" в "float"
C:\Users\Racer\source\repos\Indiv3\Indiv3\main.cpp(302,23): warning C4305: -=: усечение из "double" в "float"
C:\Users\Racer\source\repos\Indiv3\Indiv3\main.cpp(312,21): warning C4305: +=: усечение из "double" в "float"
C:\Users\Racer\source\repos\Indiv3\Indiv3\main.cpp(313,23): warning C4305: +=: усечение из "double" в "float"
  Indiv3.vcxproj -> C:\Users\Racer\source\repos\Indiv3\x64\Debug\Indiv3.exe
